<?xml version="1.0" encoding="UTF-8"?>
<!-- Generated by org.testng.reporters.JUnitXMLReporter -->
<testsuite ignored="2" hostname="LAPTOP-DED26UEP" failures="0" tests="4" name="Test" time="0.038" errors="0" timestamp="15 Jul 2021 16:57:55 GMT">
  <testcase classname="org.hwork.Grouping" name="test1" time="0.009"/>
  <testcase classname="org.hwork.Grouping" name="test4" time="0.001"/>
  <testcase classname="org.hwork.Grouping" name="test6" time="0.001"/>
  <testcase classname="org.hwork.Grouping" name="test3" time="0.002"/>
  <testcase classname="org.hwork.Grouping" name="test5" time="0.0">
    <ignored/>
  </testcase> <!-- test5 -->
  <testcase classname="org.hwork.Grouping" name="test2" time="0.0">
    <ignored/>
  </testcase> <!-- test2 -->
</testsuite> <!-- Test -->
